<mule xmlns="http://www.mulesoft.org/schema/mule/core"
      xmlns:xsi="http://www.w3.org/2001/XMLSchema-instance"
      xmlns:emailvalidator="http://www.mulesoft.org/schema/mule/emailvalidator"
      xsi:schemaLocation="http://www.mulesoft.org/schema/mule/core http://www.mulesoft.org/schema/mule/core/current/mule.xsd
          http://www.mulesoft.org/schema/mule/emailvalidator http://www.mulesoft.org/schema/mule/emailvalidator/current/mule-emailvalidator.xsd">

    <emailvalidator:config name="config" configId="configId">
        <emailvalidator:connection requiredParameter="aValue" />
    </emailvalidator:config>

    <flow name="sayHiFlow">
        <emailvalidator:say-hi person="Mariano Gonzalez"/>
    </flow>

    <flow name="retrieveInfoFlow">
        <emailvalidator:retrieve-info config-ref="config"/>
    </flow>

</mule>
